c:\users\взрослая академия\documents\maoirt\consoleapplication1\x64\debug\vc143.pdb
c:\users\взрослая академия\documents\maoirt\consoleapplication1\x64\debug\vc143.idb
c:\users\взрослая академия\documents\maoirt\consoleapplication1\x64\debug\consoleapplication1.obj
c:\users\взрослая академия\documents\maoirt\consoleapplication1\x64\debug\main.obj
c:\users\взрослая академия\documents\maoirt\consoleapplication1\x64\debug\consoleapplication1.pdb
c:\users\взрослая академия\documents\maoirt\consoleapplication1\x64\debug\consolea.2e0ea527.tlog\cl.command.1.tlog
c:\users\взрослая академия\documents\maoirt\consoleapplication1\x64\debug\consolea.2e0ea527.tlog\cl.read.1.tlog
c:\users\взрослая академия\documents\maoirt\consoleapplication1\x64\debug\consolea.2e0ea527.tlog\cl.write.1.tlog
c:\users\взрослая академия\documents\maoirt\consoleapplication1\x64\debug\consolea.2e0ea527.tlog\link-cvtres.read.1.tlog
c:\users\взрослая академия\documents\maoirt\consoleapplication1\x64\debug\consolea.2e0ea527.tlog\link-cvtres.write.1.tlog
c:\users\взрослая академия\documents\maoirt\consoleapplication1\x64\debug\consolea.2e0ea527.tlog\link-rc.read.1.tlog
c:\users\взрослая академия\documents\maoirt\consoleapplication1\x64\debug\consolea.2e0ea527.tlog\link-rc.write.1.tlog
c:\users\взрослая академия\documents\maoirt\consoleapplication1\x64\debug\consolea.2e0ea527.tlog\link.1380-cvtres.read.1.tlog
c:\users\взрослая академия\documents\maoirt\consoleapplication1\x64\debug\consolea.2e0ea527.tlog\link.1380-cvtres.write.1.tlog
c:\users\взрослая академия\documents\maoirt\consoleapplication1\x64\debug\consolea.2e0ea527.tlog\link.1380-rc.read.1.tlog
c:\users\взрослая академия\documents\maoirt\consoleapplication1\x64\debug\consolea.2e0ea527.tlog\link.1380-rc.write.1.tlog
c:\users\взрослая академия\documents\maoirt\consoleapplication1\x64\debug\consolea.2e0ea527.tlog\link.1380.read.1.tlog
c:\users\взрослая академия\documents\maoirt\consoleapplication1\x64\debug\consolea.2e0ea527.tlog\link.1380.read.2.tlog
c:\users\взрослая академия\documents\maoirt\consoleapplication1\x64\debug\consolea.2e0ea527.tlog\link.1380.write.1.tlog
c:\users\взрослая академия\documents\maoirt\consoleapplication1\x64\debug\consolea.2e0ea527.tlog\link.command.1.tlog
c:\users\взрослая академия\documents\maoirt\consoleapplication1\x64\debug\consolea.2e0ea527.tlog\link.read.1.tlog
c:\users\взрослая академия\documents\maoirt\consoleapplication1\x64\debug\consolea.2e0ea527.tlog\link.read.2.tlog
c:\users\взрослая академия\documents\maoirt\consoleapplication1\x64\debug\consolea.2e0ea527.tlog\link.write.1.tlog
